Exception at PC 0x00007FFC2DEB3FB8
Exception at PC 0x00007FFC2DEB3FB8
Exception at PC 0x00007FFC2DEB3FB8
Exception at PC 0x00007FFC2DEB3FB8
Exception at PC 0x00007FFC2101E132
Attemped to write at address 0x00007FFC0D7C4AA4
Printing stacktrace...

[0]  [0x00007FFC2101E132]
[1]  [0x00007FFC2101E132]
[2]  [0x00007FFC2101E194]
[3]  [0x00007FFC20C6D0D7]
[4]  [0x00007FFC20B52BCA]
[5]  [0x00007FFC20B52FD1]
[6]  [0x00007FFC2101EB2F]
[7]  [0x00007FFC20EDC19D]
[8]  [0x00007FFC20ED5942]
[9]  [0x00007FFC20ED5AB5]
[10] (RtlDeactivateActivationContextUnsafeFast+0x1b3) [0x00007FFC30C51473]
[11] (LdrShutdownProcess+0x125) [0x00007FFC30C80695]
[12] (RtlExitUserProcess+0xb4) [0x00007FFC30C80554]
[13] (ExitProcess+0xa) [0x00007FFC3040F06A]
[14] (exit+0x75) [0x00007FFC30869B25]
[15] (initterm_e+0x21d) [0x00007FFC3086A16D]
[16]  [0x00000000004014CD]
[17]  [0x000000000040151B]
[18] (BaseThreadInitThunk+0x14) [0x00007FFC30411FE4]
[19] (RtlUserThreadStart+0x21) [0x00007FFC30CAEF91]
Done
