Exception at PC 0x00007FFF7B7F3FB8
Exception at PC 0x00007FFF7B7F3FB8
Exception at PC 0x00007FFF7B7F3FB8
Exception at PC 0x00007FFF7B7F3FB8
Exception at PC 0x00007FFF1B15E132
Attemped to write at address 0x00007FFF5C5D4AA4
Printing stacktrace...

[0]  [0x00007FFF1B15E132]
[1]  [0x00007FFF1B15E132]
[2]  [0x00007FFF1B15E194]
[3]  [0x00007FFF1ADAD0D7]
[4]  [0x00007FFF1AC92BCA]
[5]  [0x00007FFF1AC92FD1]
[6]  [0x00007FFF1B15EB2F]
[7]  [0x00007FFF1B01C19D]
[8]  [0x00007FFF1B015942]
[9]  [0x00007FFF1B015AB5]
[10] (RtlDeactivateActivationContextUnsafeFast+0x1b3) [0x00007FFF7E7A1473]
[11] (LdrShutdownProcess+0x125) [0x00007FFF7E7D0695]
[12] (RtlExitUserProcess+0xb4) [0x00007FFF7E7D0554]
[13] (ExitProcess+0xa) [0x00007FFF7E64F06A]
[14] (exit+0x75) [0x00007FFF7C619B25]
[15] (initterm_e+0x21d) [0x00007FFF7C61A16D]
[16]  [0x00000000004014CD]
[17]  [0x000000000040151B]
[18] (BaseThreadInitThunk+0x14) [0x00007FFF7E651FE4]
[19] (RtlUserThreadStart+0x21) [0x00007FFF7E7FEF91]
Done
